<?xml version="1.0" encoding="UTF-8"?>
<!-- Generated by org.testng.reporters.JUnitXMLReporter -->
<testsuite ignored="0" hostname="Kanis-MBP-2.attlocal.net" failures="0" tests="4" name="Submit Order Test" time="43.482" errors="0" timestamp="2024-07-21T12:58:49 PDT">
  <testcase classname="techniqum.Selenium.tests.StandAloneTest2" name="submitOrder" time="9.62"/>
  <testcase classname="techniqum.Selenium.tests.StandAloneTest2" name="submitOrder" time="8.264"/>
  <testcase classname="techniqum.Selenium.tests.StandAloneTest2" name="orderHistoryTest" time="3.594"/>
  <testcase classname="techniqum.Selenium.tests.StandAloneTest2" name="orderHistoryTest" time="3.668"/>
</testsuite> <!-- Submit Order Test -->
