<?xml version="1.0" encoding="UTF-8"?>
<!-- Generated by org.testng.reporters.JUnitXMLReporter -->
<testsuite ignored="0" hostname="Kanis-MBP-2.attlocal.net" failures="0" tests="3" name="Surefire test" time="67.308" errors="0" timestamp="2024-07-21T20:51:16 PDT">
  <testcase classname="techniqum.Selenium.tests.ErrorValidationsTest" name="checkOutErrorValidation" time="26.932"/>
  <testcase classname="techniqum.Selenium.tests.ErrorValidationsTest" name="loginErrorValidation" time="2.535"/>
  <testcase classname="techniqum.Selenium.tests.ErrorValidationsTest" name="productErrorValidation" time="25.233"/>
</testsuite> <!-- Surefire test -->
