<?xml version="1.0" encoding="UTF-8"?>
<!-- Generated by org.testng.reporters.JUnitXMLReporter -->
<testsuite ignored="0" hostname="Kanis-MBP-2.attlocal.net" failures="0" tests="4" name="Submit Order" time="41.148" errors="0" timestamp="2024-07-17T03:03:47 PDT">
  <testcase classname="techniqum.Selenium.tests.StandAloneTest2" name="submitOrder" time="8.198"/>
  <testcase classname="techniqum.Selenium.tests.StandAloneTest2" name="submitOrder" time="7.976"/>
  <testcase classname="techniqum.Selenium.tests.StandAloneTest2" name="orderHistoryTest" time="3.634"/>
  <testcase classname="techniqum.Selenium.tests.StandAloneTest2" name="orderHistoryTest" time="3.54"/>
</testsuite> <!-- Submit Order -->
