<?xml version="1.0" encoding="UTF-8"?>
<!-- Generated by org.testng.reporters.JUnitXMLReporter -->
<testsuite ignored="0" hostname="Kanis-MBP-2.attlocal.net" failures="0" tests="3" name="Error Validations Test" time="67.127" errors="0" timestamp="2024-07-22T21:56:38 PDT">
  <testcase classname="techniqum.Selenium.tests.ErrorValidationsTest" name="checkOutErrorValidation" time="13.635"/>
  <testcase classname="techniqum.Selenium.tests.ErrorValidationsTest" name="loginErrorValidation" time="3.091"/>
  <testcase classname="techniqum.Selenium.tests.ErrorValidationsTest" name="productErrorValidation" time="34.548"/>
</testsuite> <!-- Error Validations Test -->
