<?xml version="1.0" encoding="UTF-8"?>
<!-- Generated by org.testng.reporters.JUnitXMLReporter -->
<testsuite ignored="0" hostname="Kanis-MBP-2.attlocal.net" failures="0" tests="4" name="Submit Order Test" time="46.41" errors="0" timestamp="2024-07-22T21:56:18 PDT">
  <testcase classname="techniqum.Selenium.tests.StandAloneTest2" name="submitOrder" time="8.335"/>
  <testcase classname="techniqum.Selenium.tests.StandAloneTest2" name="submitOrder" time="8.468"/>
  <testcase classname="techniqum.Selenium.tests.StandAloneTest2" name="orderHistoryTest" time="3.764"/>
  <testcase classname="techniqum.Selenium.tests.StandAloneTest2" name="orderHistoryTest" time="3.621"/>
</testsuite> <!-- Submit Order Test -->
