<?xml version="1.0" encoding="UTF-8"?>
<testng-results ignored="0" total="7" passed="7" failed="0" skipped="0">
  <reporter-output>
  </reporter-output>
  <suite started-at="2024-07-22T21:55:31 PDT" name="Suite" finished-at="2024-07-22T21:56:38 PDT" duration-ms="67127">
    <groups>
      <group name="Sanity">
        <method signature="ErrorValidationsTest.loginErrorValidation()[pri:0, instance:techniqum.Selenium.tests.ErrorValidationsTest@57db2b13]" name="loginErrorValidation" class="techniqum.Selenium.tests.ErrorValidationsTest"/>
      </group> <!-- Sanity -->
      <group name="Purchase">
        <method signature="StandAloneTest2.submitOrder(java.util.HashMap)[pri:0, instance:techniqum.Selenium.tests.StandAloneTest2@2b30a42c]" name="submitOrder" class="techniqum.Selenium.tests.StandAloneTest2"/>
        <method signature="StandAloneTest2.orderHistoryTest(java.util.HashMap)[pri:0, instance:techniqum.Selenium.tests.StandAloneTest2@2b30a42c]" name="orderHistoryTest" class="techniqum.Selenium.tests.StandAloneTest2"/>
      </group> <!-- Purchase -->
    </groups>
    <test started-at="2024-07-22T21:55:31 PDT" name="Submit Order Test" finished-at="2024-07-22T21:56:17 PDT" duration-ms="46410">
      <class name="techniqum.Selenium.tests.StandAloneTest2">
        <test-method is-config="true" signature="launchApplication()[pri:0, instance:techniqum.Selenium.tests.StandAloneTest2@2b30a42c]" started-at="2024-07-22T21:55:31 PDT" name="launchApplication" finished-at="2024-07-22T21:55:37 PDT" duration-ms="6209" status="PASS">
          <reporter-output>
          </reporter-output>
        </test-method> <!-- launchApplication -->
        <test-method signature="submitOrder(java.util.HashMap)[pri:0, instance:techniqum.Selenium.tests.StandAloneTest2@2b30a42c]" started-at="2024-07-22T21:55:37 PDT" name="submitOrder" data-provider="getData" finished-at="2024-07-22T21:55:46 PDT" duration-ms="8335" status="PASS">
          <params>
            <param index="0">
              <value>
                <![CDATA[{password=Kokokivi123, product=ZARA COAT 3, email=kaskhelmet22@gmail.com}]]>
              </value>
            </param>
          </params>
          <reporter-output>
          </reporter-output>
        </test-method> <!-- submitOrder -->
        <test-method is-config="true" signature="tearDown()[pri:0, instance:techniqum.Selenium.tests.StandAloneTest2@2b30a42c]" started-at="2024-07-22T21:55:46 PDT" name="tearDown" finished-at="2024-07-22T21:55:46 PDT" duration-ms="188" status="PASS">
          <reporter-output>
          </reporter-output>
        </test-method> <!-- tearDown -->
        <test-method is-config="true" signature="launchApplication()[pri:0, instance:techniqum.Selenium.tests.StandAloneTest2@2b30a42c]" started-at="2024-07-22T21:55:46 PDT" name="launchApplication" finished-at="2024-07-22T21:55:51 PDT" duration-ms="5167" status="PASS">
          <reporter-output>
          </reporter-output>
        </test-method> <!-- launchApplication -->
        <test-method signature="submitOrder(java.util.HashMap)[pri:0, instance:techniqum.Selenium.tests.StandAloneTest2@2b30a42c]" started-at="2024-07-22T21:55:51 PDT" name="submitOrder" data-provider="getData" finished-at="2024-07-22T21:55:59 PDT" duration-ms="8468" status="PASS">
          <params>
            <param index="0">
              <value>
                <![CDATA[{password=kqa1erb_qdc7UPE-jab, product=ADIDAS ORIGINAL, email=kantokaryb@gmail.com}]]>
              </value>
            </param>
          </params>
          <reporter-output>
          </reporter-output>
        </test-method> <!-- submitOrder -->
        <test-method is-config="true" signature="tearDown()[pri:0, instance:techniqum.Selenium.tests.StandAloneTest2@2b30a42c]" started-at="2024-07-22T21:55:59 PDT" name="tearDown" finished-at="2024-07-22T21:56:00 PDT" duration-ms="340" status="PASS">
          <reporter-output>
          </reporter-output>
        </test-method> <!-- tearDown -->
        <test-method is-config="true" signature="launchApplication()[pri:0, instance:techniqum.Selenium.tests.StandAloneTest2@2b30a42c]" started-at="2024-07-22T21:56:00 PDT" name="launchApplication" finished-at="2024-07-22T21:56:05 PDT" duration-ms="4741" status="PASS">
          <reporter-output>
          </reporter-output>
        </test-method> <!-- launchApplication -->
        <test-method signature="orderHistoryTest(java.util.HashMap)[pri:0, instance:techniqum.Selenium.tests.StandAloneTest2@2b30a42c]" started-at="2024-07-22T21:56:05 PDT" name="orderHistoryTest" data-provider="getData" finished-at="2024-07-22T21:56:08 PDT" depends-on-methods="techniqum.Selenium.tests.StandAloneTest2.submitOrder" duration-ms="3764" status="PASS">
          <params>
            <param index="0">
              <value>
                <![CDATA[{password=Kokokivi123, product=ZARA COAT 3, email=kaskhelmet22@gmail.com}]]>
              </value>
            </param>
          </params>
          <reporter-output>
          </reporter-output>
        </test-method> <!-- orderHistoryTest -->
        <test-method is-config="true" signature="tearDown()[pri:0, instance:techniqum.Selenium.tests.StandAloneTest2@2b30a42c]" started-at="2024-07-22T21:56:08 PDT" name="tearDown" finished-at="2024-07-22T21:56:09 PDT" duration-ms="251" status="PASS">
          <reporter-output>
          </reporter-output>
        </test-method> <!-- tearDown -->
        <test-method is-config="true" signature="launchApplication()[pri:0, instance:techniqum.Selenium.tests.StandAloneTest2@2b30a42c]" started-at="2024-07-22T21:56:09 PDT" name="launchApplication" finished-at="2024-07-22T21:56:14 PDT" duration-ms="5038" status="PASS">
          <reporter-output>
          </reporter-output>
        </test-method> <!-- launchApplication -->
        <test-method signature="orderHistoryTest(java.util.HashMap)[pri:0, instance:techniqum.Selenium.tests.StandAloneTest2@2b30a42c]" started-at="2024-07-22T21:56:14 PDT" name="orderHistoryTest" data-provider="getData" finished-at="2024-07-22T21:56:17 PDT" depends-on-methods="techniqum.Selenium.tests.StandAloneTest2.submitOrder" duration-ms="3621" status="PASS">
          <params>
            <param index="0">
              <value>
                <![CDATA[{password=kqa1erb_qdc7UPE-jab, product=ADIDAS ORIGINAL, email=kantokaryb@gmail.com}]]>
              </value>
            </param>
          </params>
          <reporter-output>
          </reporter-output>
        </test-method> <!-- orderHistoryTest -->
        <test-method is-config="true" signature="tearDown()[pri:0, instance:techniqum.Selenium.tests.StandAloneTest2@2b30a42c]" started-at="2024-07-22T21:56:17 PDT" name="tearDown" finished-at="2024-07-22T21:56:17 PDT" duration-ms="170" status="PASS">
          <reporter-output>
          </reporter-output>
        </test-method> <!-- tearDown -->
      </class> <!-- techniqum.Selenium.tests.StandAloneTest2 -->
    </test> <!-- Submit Order Test -->
    <test started-at="2024-07-22T21:55:31 PDT" name="Error Validations Test" finished-at="2024-07-22T21:56:38 PDT" duration-ms="67127">
      <class name="techniqum.Selenium.tests.ErrorValidationsTest">
        <test-method is-config="true" signature="launchApplication()[pri:0, instance:techniqum.Selenium.tests.ErrorValidationsTest@57db2b13]" started-at="2024-07-22T21:55:31 PDT" name="launchApplication" finished-at="2024-07-22T21:55:37 PDT" duration-ms="5713" status="PASS">
          <reporter-output>
          </reporter-output>
        </test-method> <!-- launchApplication -->
        <test-method signature="checkOutErrorValidation()[pri:0, instance:techniqum.Selenium.tests.ErrorValidationsTest@57db2b13]" started-at="2024-07-22T21:55:37 PDT" name="checkOutErrorValidation" finished-at="2024-07-22T21:55:50 PDT" duration-ms="13635" status="PASS">
          <reporter-output>
          </reporter-output>
        </test-method> <!-- checkOutErrorValidation -->
        <test-method is-config="true" signature="tearDown()[pri:0, instance:techniqum.Selenium.tests.ErrorValidationsTest@57db2b13]" started-at="2024-07-22T21:55:50 PDT" name="tearDown" finished-at="2024-07-22T21:55:51 PDT" duration-ms="264" status="PASS">
          <reporter-output>
          </reporter-output>
        </test-method> <!-- tearDown -->
        <test-method is-config="true" signature="launchApplication()[pri:0, instance:techniqum.Selenium.tests.ErrorValidationsTest@57db2b13]" started-at="2024-07-22T21:55:51 PDT" name="launchApplication" finished-at="2024-07-22T21:55:55 PDT" duration-ms="4601" status="PASS">
          <reporter-output>
          </reporter-output>
        </test-method> <!-- launchApplication -->
        <test-method signature="loginErrorValidation()[pri:0, instance:techniqum.Selenium.tests.ErrorValidationsTest@57db2b13]" started-at="2024-07-22T21:55:55 PDT" name="loginErrorValidation" finished-at="2024-07-22T21:55:58 PDT" duration-ms="3091" status="PASS">
          <reporter-output>
          </reporter-output>
        </test-method> <!-- loginErrorValidation -->
        <test-method is-config="true" signature="tearDown()[pri:0, instance:techniqum.Selenium.tests.ErrorValidationsTest@57db2b13]" started-at="2024-07-22T21:55:58 PDT" name="tearDown" finished-at="2024-07-22T21:55:59 PDT" duration-ms="272" status="PASS">
          <reporter-output>
          </reporter-output>
        </test-method> <!-- tearDown -->
        <test-method is-config="true" signature="launchApplication()[pri:0, instance:techniqum.Selenium.tests.ErrorValidationsTest@57db2b13]" started-at="2024-07-22T21:55:59 PDT" name="launchApplication" finished-at="2024-07-22T21:56:03 PDT" duration-ms="4589" status="PASS">
          <reporter-output>
          </reporter-output>
        </test-method> <!-- launchApplication -->
        <test-method signature="productErrorValidation()[pri:0, instance:techniqum.Selenium.tests.ErrorValidationsTest@57db2b13]" started-at="2024-07-22T21:56:03 PDT" name="productErrorValidation" finished-at="2024-07-22T21:56:38 PDT" duration-ms="34548" status="PASS">
          <reporter-output>
          </reporter-output>
        </test-method> <!-- productErrorValidation -->
        <test-method is-config="true" signature="tearDown()[pri:0, instance:techniqum.Selenium.tests.ErrorValidationsTest@57db2b13]" started-at="2024-07-22T21:56:38 PDT" name="tearDown" finished-at="2024-07-22T21:56:38 PDT" duration-ms="400" status="PASS">
          <reporter-output>
          </reporter-output>
        </test-method> <!-- tearDown -->
      </class> <!-- techniqum.Selenium.tests.ErrorValidationsTest -->
    </test> <!-- Error Validations Test -->
  </suite> <!-- Suite -->
</testng-results>
