<?xml version="1.0" encoding="UTF-8"?>
<testsuite xmlns:xsi="http://www.w3.org/2001/XMLSchema-instance" xsi:noNamespaceSchemaLocation="https://maven.apache.org/surefire/maven-surefire-plugin/xsd/surefire-test-report.xsd" version="3.0.2" name="TestSuite" time="67.5" tests="7" errors="0" skipped="0" failures="0">
  <properties>
[...]
</properties>
  <testcase name="submitOrder[{password=Kokokivi123, product=ZARA COAT 3, email=kaskhelmet22@gmail.com}](1)" classname="techniqum.Selenium.tests.StandAloneTest2" time="8.339">
    <system-err><![CDATA[SLF4J: Failed to load class "org.slf4j.impl.StaticLoggerBinder".
SLF4J: Defaulting to no-operation (NOP) logger implementation
SLF4J: See http://www.slf4j.org/codes.html#StaticLoggerBinder for further details.
]]></system-err>
  </testcase>
  <testcase name="submitOrder[{password=kqa1erb_qdc7UPE-jab, product=ADIDAS ORIGINAL, email=kantokaryb@gmail.com}](2)" classname="techniqum.Selenium.tests.StandAloneTest2" time="4.255"/>
  <testcase name="orderHistoryTest[{password=Kokokivi123, product=ZARA COAT 3, email=kaskhelmet22@gmail.com}](1)" classname="techniqum.Selenium.tests.StandAloneTest2" time="3.765"/>
  <testcase name="orderHistoryTest[{password=kqa1erb_qdc7UPE-jab, product=ADIDAS ORIGINAL, email=kantokaryb@gmail.com}](2)" classname="techniqum.Selenium.tests.StandAloneTest2" time="3.622"/>
  <testcase name="checkOutErrorValidation" classname="techniqum.Selenium.tests.ErrorValidationsTest" time="13.042"/>
  <testcase name="loginErrorValidation" classname="techniqum.Selenium.tests.ErrorValidationsTest" time="3.092"/>
  <testcase name="productErrorValidation" classname="techniqum.Selenium.tests.ErrorValidationsTest" time="24.109"/>
</testsuite>