<?xml version="1.0" encoding="UTF-8"?>
<!-- Generated by org.testng.reporters.JUnitXMLReporter -->
<testsuite ignored="0" hostname="Kanis-MacBook-Pro-2.local" failures="0" tests="3" name="Error Validations Test" time="76.273" errors="0" timestamp="2024-07-18T15:36:26 PDT">
  <testcase classname="techniqum.Selenium.tests.ErrorValidationsTest" name="checkOutErrorValidation" time="26.447"/>
  <testcase classname="techniqum.Selenium.tests.ErrorValidationsTest" name="loginErrorValidation" time="2.451"/>
  <testcase classname="techniqum.Selenium.tests.ErrorValidationsTest" name="productErrorValidation" time="34.193"/>
</testsuite> <!-- Error Validations Test -->
