<?xml version="1.0" encoding="UTF-8"?>
<!-- Generated by org.testng.reporters.JUnitXMLReporter -->
<testsuite ignored="0" hostname="Kanis-MacBook-Pro-2.local" failures="0" tests="4" name="Submit Order Test" time="53.805" errors="0" timestamp="2024-07-18T15:36:04 PDT">
  <testcase classname="techniqum.Selenium.tests.StandAloneTest2" name="submitOrder" time="21.371"/>
  <testcase classname="techniqum.Selenium.tests.StandAloneTest2" name="submitOrder" time="8.139"/>
  <testcase classname="techniqum.Selenium.tests.StandAloneTest2" name="orderHistoryTest" time="3.573"/>
  <testcase classname="techniqum.Selenium.tests.StandAloneTest2" name="orderHistoryTest" time="3.633"/>
</testsuite> <!-- Submit Order Test -->
